Flutter crash report.
Please report a bug at https://github.com/flutter/flutter/issues.

## command

flutter test test/widget_test.dart

## exception

ShaderCompilerException: ShaderCompilerException: Shader compilation of "C:\src\flutter\packages\flutter\lib\src\material\shaders\stretch_effect.frag" to "build\unit_test_assets\shaders/stretch_effect.frag" failed with exit code 1.
impellerc stdout:

impellerc stderr:
Could not write file to build\unit_test_assets\shaders/stretch_effect.frag




```
#0      ShaderCompiler.compileShader (package:flutter_tools/src/build_system/tools/shader_compiler.dart:196:9)
<asynchronous suspension>
#1      writeBundle.<anonymous closure> (package:flutter_tools/src/bundle_builder.dart:208:25)
<asynchronous suspension>
#2      Future.wait.<anonymous closure> (dart:async/future.dart:546:21)
<asynchronous suspension>
#3      writeBundle (package:flutter_tools/src/bundle_builder.dart:171:3)
<asynchronous suspension>
#4      TestCommand._buildTestAsset (package:flutter_tools/src/commands/test.dart:777:7)
<asynchronous suspension>
#5      TestCommand.runCommand (package:flutter_tools/src/commands/test.dart:474:7)
<asynchronous suspension>
#6      FlutterCommand.run.<anonymous closure> (package:flutter_tools/src/runner/flutter_command.dart:1559:27)
<asynchronous suspension>
#7      AppContext.run.<anonymous closure> (package:flutter_tools/src/base/context.dart:154:19)
<asynchronous suspension>
#8      CommandRunner.runCommand (package:args/command_runner.dart:212:13)
<asynchronous suspension>
#9      FlutterCommandRunner.runCommand.<anonymous closure> (package:flutter_tools/src/runner/flutter_command_runner.dart:487:9)
<asynchronous suspension>
#10     AppContext.run.<anonymous closure> (package:flutter_tools/src/base/context.dart:154:19)
<asynchronous suspension>
#11     FlutterCommandRunner.runCommand (package:flutter_tools/src/runner/flutter_command_runner.dart:422:5)
<asynchronous suspension>
#12     run.<anonymous closure>.<anonymous closure> (package:flutter_tools/runner.dart:104:11)
<asynchronous suspension>
#13     AppContext.run.<anonymous closure> (package:flutter_tools/src/base/context.dart:154:19)
<asynchronous suspension>
#14     main (package:flutter_tools/executable.dart:103:3)
<asynchronous suspension>
```

## flutter doctor

```
[✓] Flutter (Channel stable, 3.38.9, on Microsoft Windows [Version 10.0.19045.5854], locale en-IN) [5.8s]
    • Flutter version 3.38.9 on channel stable at C:\src\flutter
    • Upstream repository https://github.com/flutter/flutter.git
    • Framework revision 67323de285 (5 months ago), 2026-01-28 13:43:12 -0800
    • Engine revision 587c18f873
    • Dart version 3.10.8
    • DevTools version 2.51.1
    • Feature flags: enable-web, enable-linux-desktop, enable-macos-desktop, enable-windows-desktop, enable-android, enable-ios, cli-animations, enable-native-assets, omit-legacy-version-file, enable-lldb-debugging

[✓] Windows Version (10 Pro 64-bit, 22H2, 2009) [45.8s]

[!] Android toolchain - develop for Android devices (Android SDK version 36.0.0) [114.2s]
    • Android SDK at C:\Users\SUBHASH\AppData\Local\Android\sdk
    • Emulator version 32.1.14.0 (build_id 10330179) (CL:N/A)
    • Platform android-36, build-tools 36.0.0
    • Java binary at: C:\Program Files\Android\Android Studio2\jbr\bin\java
      This is the JDK bundled with the latest Android Studio installation on this machine.
      To manually set the JDK path, use: `flutter config --jdk-dir="path/to/jdk"`.
    • Java version OpenJDK Runtime Environment (build 17.0.6+0-b2043.56-10027231)
    ! Some Android licenses not accepted. To resolve this, run: flutter doctor --android-licenses

[✓] Chrome - develop for the web [72ms]
    • Chrome at C:\Program Files\Google\Chrome\Application\chrome.exe

[✗] Visual Studio - develop Windows apps [67ms]
    ✗ Visual Studio not installed; this is necessary to develop Windows apps.
      Download at https://visualstudio.microsoft.com/downloads/.
      Please install the "Desktop development with C++" workload, including all of its default components

[☠] Connected device (the doctor check crashed)
    ✗ Due to an error, the doctor check did not complete. If the error message below is not helpful, please let us know about this issue at https://github.com/flutter/flutter/issues.
    ✗ Error: Unable to run "adb", check your Android SDK installation and ANDROID_HOME environment variable: C:\Users\SUBHASH\AppData\Local\Android\sdk\platform-tools\adb.exe
      Error details: Process exited abnormally with exit code 1:
      * daemon not running; starting now at tcp:5037
      could not read ok from ADB Server
      * failed to start daemon
      adb.exe: failed to check server version: cannot connect to daemon
    • #0      throwToolExit (package:flutter_tools/src/base/common.dart:34:3)
      #1      AndroidDevices.pollingGetDevices (package:flutter_tools/src/android/android_device_discovery.dart:74:7)
      <asynchronous suspension>
      #2      PollingDeviceDiscovery._populateDevices (package:flutter_tools/src/device.dart:532:36)
      <asynchronous suspension>
      #3      Future.wait.<anonymous closure> (dart:async/future.dart:546:21)
      <asynchronous suspension>
      #4      DeviceManager.refreshAllDevices (package:flutter_tools/src/device.dart:202:40)
      <asynchronous suspension>
      #5      DeviceValidator.validateImpl (package:flutter_tools/src/doctor.dart:744:34)
      <asynchronous suspension>
      #6      DoctorValidator.validate (package:flutter_tools/src/doctor_validator.dart:58:37)
      <asynchronous suspension>
      #7      Future.any.onValue (dart:async/future.dart:637:5)
      <asynchronous suspension>


[✓] Network resources [7.7s]
    • All expected network resources are available.

! Doctor found issues in 3 categories.
```
